#
# There is insufficient memory for the Java Runtime Environment to continue.
# Native memory allocation (malloc) failed to allocate 376496 bytes for Chunk::new
# Possible reasons:
#   The system is out of physical RAM or swap space
#   In 32 bit mode, the process size limit was hit
# Possible solutions:
#   Reduce memory load on the system
#   Increase physical memory or swap space
#   Check if swap backing store is full
#   Use 64 bit Java on a 64 bit OS
#   Decrease Java heap size (-Xmx/-Xms)
#   Decrease number of Java threads
#   Decrease Java thread stack sizes (-Xss)
#   Set larger code cache with -XX:ReservedCodeCacheSize=
# This output file may be truncated or incomplete.
#
#  Out of Memory Error (allocation.cpp:390), pid=8828, tid=5228
#
# JRE version: Java(TM) SE Runtime Environment (8.0_40-b26) (build 1.8.0_40-b26)
# Java VM: Java HotSpot(TM) 64-Bit Server VM (25.40-b25 mixed mode windows-amd64 compressed oops)
# Failed to write core dump. Minidumps are not enabled by default on client versions of Windows
#

---------------  T H R E A D  ---------------

Current thread (0x0000000014319000):  JavaThread "C2 CompilerThread0" daemon [_thread_in_native, id=5228, stack(0x0000000015250000,0x0000000015350000)]

Stack: [0x0000000015250000,0x0000000015350000]
Native frames: (J=compiled Java code, j=interpreted, Vv=VM code, C=native code)
V  [jvm.dll+0x32b47a]


Current CompileTask:
C2:  11594 1402   !   4       com.android.dx.cf.cst.ConstantPoolParser::parse0 (731 bytes)


---------------  P R O C E S S  ---------------

Java Threads: ( => current thread )
  0x0000000014374000 JavaThread "Service Thread" daemon [_thread_blocked, id=6140, stack(0x0000000015450000,0x0000000015550000)]
  0x0000000014371000 JavaThread "C1 CompilerThread1" daemon [_thread_blocked, id=6080, stack(0x0000000015350000,0x0000000015450000)]
=>0x0000000014319000 JavaThread "C2 CompilerThread0" daemon [_thread_in_native, id=5228, stack(0x0000000015250000,0x0000000015350000)]
  0x0000000014318000 JavaThread "Attach Listener" daemon [_thread_blocked, id=4856, stack(0x0000000015150000,0x0000000015250000)]
  0x0000000014314800 JavaThread "Signal Dispatcher" daemon [_thread_blocked, id=4192, stack(0x0000000015050000,0x0000000015150000)]
  0x0000000001e82800 JavaThread "Finalizer" daemon [_thread_blocked, id=9096, stack(0x0000000014f50000,0x0000000015050000)]
  0x0000000001e79800 JavaThread "Reference Handler" daemon [_thread_blocked, id=5212, stack(0x0000000014e50000,0x0000000014f50000)]
  0x0000000001d90800 JavaThread "main" [_thread_in_Java, id=7524, stack(0x0000000001c40000,0x0000000001d40000)]

Other Threads:
  0x00000000142e6000 VMThread [stack: 0x0000000014d50000,0x0000000014e50000] [id=8760]
  0x0000000014377000 WatcherThread [stack: 0x0000000015550000,0x0000000015650000] [id=8200]

VM state:not at safepoint (normal execution)

VM Mutex/Monitor currently owned by a thread: None

Heap:
 PSYoungGen      total 18432K, used 7393K [0x00000000eab00000, 0x00000000ebf80000, 0x0000000100000000)
  eden space 15872K, 30% used [0x00000000eab00000,0x00000000eafc0610,0x00000000eba80000)
  from space 2560K, 98% used [0x00000000ebd00000,0x00000000ebf78018,0x00000000ebf80000)
  to   space 2560K, 0% used [0x00000000eba80000,0x00000000eba80000,0x00000000ebd00000)
 ParOldGen       total 42496K, used 3846K [0x00000000c0000000, 0x00000000c2980000, 0x00000000eab00000)
  object space 42496K, 9% used [0x00000000c0000000,0x00000000c03c1b90,0x00000000c2980000)
 Metaspace       used 5798K, capacity 7024K, committed 7296K, reserved 1056768K
  class space    used 554K, capacity 616K, committed 640K, reserved 1048576K

Card table byte_map: [0x0000000011250000,0x0000000011460000] byte_map_base: 0x0000000010c50000

Marking Bits: (ParMarkBitMap*) 0x0000000063344040
 Begin Bits: [0x00000000117c0000, 0x00000000127c0000)
 End Bits:   [0x00000000127c0000, 0x00000000137c0000)

Polling page: 0x0000000000320000

CodeCache: size=245760Kb used=6132Kb max_used=6132Kb free=239627Kb
 bounds [0x0000000001e90000, 0x00000000024a0000, 0x0000000010e90000]
 total_blobs=1691 nmethods=1427 adapters=178
 compilation: enabled

Compilation events (10 events):
Event: 11.360 Thread 0x0000000014371000 1429       3       com.android.dx.dex.file.ValueEncoder::addContents (75 bytes)
Event: 11.361 Thread 0x0000000014371000 nmethod 1429 0x0000000002483710 code [0x0000000002483900, 0x0000000002484528]
Event: 11.512 Thread 0x0000000014371000 1430       1       com.android.dx.cf.attrib.InnerClassList$Item::getInnerClass (5 bytes)
Event: 11.512 Thread 0x0000000014371000 nmethod 1430 0x000000000244eb90 code [0x000000000244ece0, 0x000000000244edf0]
Event: 11.538 Thread 0x0000000014371000 1431       3       com.android.dx.dex.cf.CfTranslator::translate0 (259 bytes)
Event: 11.546 Thread 0x0000000014371000 nmethod 1431 0x0000000002484890 code [0x0000000002484d00, 0x0000000002487938]
Event: 11.547 Thread 0x0000000014371000 1432   !   3       com.android.dx.cf.cst.ConstantPoolParser::determineOffsets (285 bytes)
Event: 11.551 Thread 0x0000000014371000 nmethod 1432 0x0000000002489610 code [0x00000000024899a0, 0x000000000248b498]
Event: 11.552 Thread 0x0000000014371000 1433       3       com.android.dx.cf.cst.ConstantPoolParser::parse (365 bytes)
Event: 11.560 Thread 0x0000000014371000 nmethod 1433 0x000000000248c850 code [0x000000000248cdc0, 0x00000000024902c8]

GC Heap History (4 events):
Event: 5.571 GC heap before
{Heap before GC invocations=1 (full 0):
 PSYoungGen      total 18432K, used 15872K [0x00000000eab00000, 0x00000000ebf80000, 0x0000000100000000)
  eden space 15872K, 100% used [0x00000000eab00000,0x00000000eba80000,0x00000000eba80000)
  from space 2560K, 0% used [0x00000000ebd00000,0x00000000ebd00000,0x00000000ebf80000)
  to   space 2560K, 0% used [0x00000000eba80000,0x00000000eba80000,0x00000000ebd00000)
 ParOldGen       total 42496K, used 0K [0x00000000c0000000, 0x00000000c2980000, 0x00000000eab00000)
  object space 42496K, 0% used [0x00000000c0000000,0x00000000c0000000,0x00000000c2980000)
 Metaspace       used 5505K, capacity 6768K, committed 7040K, reserved 1056768K
  class space    used 548K, capacity 616K, committed 640K, reserved 1048576K
Event: 5.610 GC heap after
Heap after GC invocations=1 (full 0):
 PSYoungGen      total 18432K, used 2532K [0x00000000eab00000, 0x00000000ebf80000, 0x0000000100000000)
  eden space 15872K, 0% used [0x00000000eab00000,0x00000000eab00000,0x00000000eba80000)
  from space 2560K, 98% used [0x00000000eba80000,0x00000000ebcf92a0,0x00000000ebd00000)
  to   space 2560K, 0% used [0x00000000ebd00000,0x00000000ebd00000,0x00000000ebf80000)
 ParOldGen       total 42496K, used 1474K [0x00000000c0000000, 0x00000000c2980000, 0x00000000eab00000)
  object space 42496K, 3% used [0x00000000c0000000,0x00000000c0170970,0x00000000c2980000)
 Metaspace       used 5505K, capacity 6768K, committed 7040K, reserved 1056768K
  class space    used 548K, capacity 616K, committed 640K, reserved 1048576K
}
Event: 11.092 GC heap before
{Heap before GC invocations=2 (full 0):
 PSYoungGen      total 18432K, used 18404K [0x00000000eab00000, 0x00000000ebf80000, 0x0000000100000000)
  eden space 15872K, 100% used [0x00000000eab00000,0x00000000eba80000,0x00000000eba80000)
  from space 2560K, 98% used [0x00000000eba80000,0x00000000ebcf92a0,0x00000000ebd00000)
  to   space 2560K, 0% used [0x00000000ebd00000,0x00000000ebd00000,0x00000000ebf80000)
 ParOldGen       total 42496K, used 1474K [0x00000000c0000000, 0x00000000c2980000, 0x00000000eab00000)
  object space 42496K, 3% used [0x00000000c0000000,0x00000000c0170970,0x00000000c2980000)
 Metaspace       used 5768K, capacity 7024K, committed 7296K, reserved 1056768K
  class space    used 554K, capacity 616K, committed 640K, reserved 1048576K
Event: 11.178 GC heap after
Heap after GC invocations=2 (full 0):
 PSYoungGen      total 18432K, used 2528K [0x00000000eab00000, 0x00000000ebf80000, 0x0000000100000000)
  eden space 15872K, 0% used [0x00000000eab00000,0x00000000eab00000,0x00000000eba80000)
  from space 2560K, 98% used [0x00000000ebd00000,0x00000000ebf78018,0x00000000ebf80000)
  to   space 2560K, 0% used [0x00000000eba80000,0x00000000eba80000,0x00000000ebd00000)
 ParOldGen       total 42496K, used 3846K [0x00000000c0000000, 0x00000000c2980000, 0x00000000eab00000)
  object space 42496K, 9% used [0x00000000c0000000,0x00000000c03c1b90,0x00000000c2980000)
 Metaspace       used 5768K, capacity 7024K, committed 7296K, reserved 1056768K
  class space    used 554K, capacity 616K, committed 640K, reserved 1048576K
}

Deoptimization events (10 events):
Event: 3.783 Thread 0x0000000001d90800 Uncommon trap: reason=unstable_if action=reinterpret pc=0x00000000020f0330 method=java.util.BitSet.nextSetBit(I)I @ 87
Event: 4.964 Thread 0x0000000001d90800 Uncommon trap: reason=unstable_if action=reinterpret pc=0x0000000002259d3c method=com.android.dx.rop.code.LocalItem.hashCode()I @ 25
Event: 4.964 Thread 0x0000000001d90800 Uncommon trap: reason=unstable_if action=reinterpret pc=0x000000000223ba8c method=com.android.dx.rop.code.LocalItem.hashCode()I @ 25
Event: 5.095 Thread 0x0000000001d90800 Uncommon trap: reason=unstable_if action=reinterpret pc=0x0000000002184cf0 method=java.util.BitSet.ensureCapacity(I)V @ 6
Event: 6.508 Thread 0x0000000001d90800 Uncommon trap: reason=unstable_if action=reinterpret pc=0x00000000022bf7e8 method=com.android.dx.rop.code.RegisterSpecSet.put(Lcom/android/dx/rop/code/RegisterSpec;)V @ 77
Event: 6.508 Thread 0x0000000001d90800 Uncommon trap: reason=unstable_if action=reinterpret pc=0x000000000234dfd8 method=com.android.dx.rop.code.RegisterSpecSet.put(Lcom/android/dx/rop/code/RegisterSpec;)V @ 77
Event: 11.251 Thread 0x0000000001d90800 Uncommon trap: reason=class_check action=maybe_recompile pc=0x0000000002449ca4 method=com.android.dx.ssa.SsaMethod.isRegALocal(Lcom/android/dx/rop/code/RegisterSpec;)Z @ 16
Event: 11.251 Thread 0x0000000001d90800 Uncommon trap: reason=class_check action=maybe_recompile pc=0x0000000002449ca4 method=com.android.dx.ssa.SsaMethod.isRegALocal(Lcom/android/dx/rop/code/RegisterSpec;)Z @ 16
Event: 11.251 Thread 0x0000000001d90800 Uncommon trap: reason=class_check action=maybe_recompile pc=0x0000000002449ca4 method=com.android.dx.ssa.SsaMethod.isRegALocal(Lcom/android/dx/rop/code/RegisterSpec;)Z @ 16
Event: 11.251 Thread 0x0000000001d90800 Uncommon trap: reason=class_check action=maybe_recompile pc=0x0000000002449ca4 method=com.android.dx.ssa.SsaMethod.isRegALocal(Lcom/android/dx/rop/code/RegisterSpec;)Z @ 16

Internal exceptions (2 events):
Event: 0.567 Thread 0x0000000001d90800 Exception <a 'java/lang/NoSuchMethodError': Method sun.misc.Unsafe.defineClass(Ljava/lang/String;[BII)Ljava/lang/Class; name or signature does not match> (0x00000000eab0d5f8) thrown at [D:\re\workspace\8-2-build-windows-amd64-cygwin\jdk8u40\3098\hotspot\sr¤Ës7)â?
Event: 0.568 Thread 0x0000000001d90800 Exception <a 'java/lang/NoSuchMethodError': Method sun.misc.Unsafe.prefetchRead(Ljava/lang/Object;J)V name or signature does not match> (0x00000000eab0d888) thrown at [D:\re\workspace\8-2-build-windows-amd64-cygwin\jdk8u40\3098\hotspot\src\share\vm\prims\j

Events (10 events):
Event: 11.251 Thread 0x0000000001d90800 DEOPT UNPACKING pc=0x0000000001ed582a sp=0x0000000001d3e2c8 mode 2
Event: 11.251 Thread 0x0000000001d90800 Uncommon trap: trap_request=0xffffffde fr.pc=0x0000000002449ca4
Event: 11.251 Thread 0x0000000001d90800 DEOPT PACKING pc=0x0000000002449ca4 sp=0x0000000001d3e440
Event: 11.251 Thread 0x0000000001d90800 DEOPT UNPACKING pc=0x0000000001ed582a sp=0x0000000001d3e368 mode 2
Event: 11.251 Thread 0x0000000001d90800 Uncommon trap: trap_request=0xffffffde fr.pc=0x0000000002449ca4
Event: 11.251 Thread 0x0000000001d90800 DEOPT PACKING pc=0x0000000002449ca4 sp=0x0000000001d3e440
Event: 11.251 Thread 0x0000000001d90800 DEOPT UNPACKING pc=0x0000000001ed582a sp=0x0000000001d3e368 mode 2
Event: 11.251 Thread 0x0000000001d90800 Uncommon trap: trap_request=0xffffffde fr.pc=0x0000000002449ca4
Event: 11.251 Thread 0x0000000001d90800 DEOPT PACKING pc=0x0000000002449ca4 sp=0x0000000001d3e440
Event: 11.251 Thread 0x0000000001d90800 DEOPT UNPACKING pc=0x0000000001ed582a sp=0x0000000001d3e368 mode 2


Dynamic libraries:
0x00007ff647260000 - 0x00007ff647297000 	C:\Program Files\Java\jdk1.8.0_40\bin\java.exe
0x00007ffd568b0000 - 0x00007ffd56a5c000 	C:\Windows\SYSTEM32\ntdll.dll
0x00007ffd54930000 - 0x00007ffd54a6e000 	C:\Windows\system32\KERNEL32.DLL
0x00007ffd53b20000 - 0x00007ffd53c35000 	C:\Windows\system32\KERNELBASE.dll
0x00007ffd525a0000 - 0x00007ffd5262e000 	C:\Windows\system32\apphelp.dll
0x00007ffd41420000 - 0x00007ffd41473000 	C:\Windows\AppPatch\AppPatch64\AcGenral.DLL
0x00007ffd54c20000 - 0x00007ffd54cca000 	C:\Windows\system32\msvcrt.dll
0x00007ffd538a0000 - 0x00007ffd538ce000 	C:\Windows\SYSTEM32\SspiCli.dll
0x00007ffd564f0000 - 0x00007ffd56544000 	C:\Windows\system32\SHLWAPI.dll
0x00007ffd54200000 - 0x00007ffd54377000 	C:\Windows\system32\USER32.dll
0x00007ffd53f30000 - 0x00007ffd540c4000 	C:\Windows\system32\ole32.dll
0x00007ffd54f00000 - 0x00007ffd56418000 	C:\Windows\system32\SHELL32.dll
0x00007ffd53000000 - 0x00007ffd53021000 	C:\Windows\SYSTEM32\USERENV.dll
0x00007ffd54380000 - 0x00007ffd5442a000 	C:\Windows\system32\ADVAPI32.dll
0x00007ffd40310000 - 0x00007ffd4032e000 	C:\Windows\SYSTEM32\MPR.dll
0x00007ffd56590000 - 0x00007ffd566d1000 	C:\Windows\system32\RPCRT4.dll
0x00007ffd566e0000 - 0x00007ffd56739000 	C:\Windows\SYSTEM32\sechost.dll
0x00007ffd54710000 - 0x00007ffd54921000 	C:\Windows\SYSTEM32\combase.dll
0x00007ffd54ce0000 - 0x00007ffd54e31000 	C:\Windows\system32\GDI32.dll
0x00007ffd53a00000 - 0x00007ffd53a15000 	C:\Windows\SYSTEM32\profapi.dll
0x00007ffd51d80000 - 0x00007ffd51e32000 	C:\Windows\SYSTEM32\SHCORE.dll
0x00007ffd56550000 - 0x00007ffd56586000 	C:\Windows\system32\IMM32.DLL
0x00007ffd56750000 - 0x00007ffd568a2000 	C:\Windows\system32\MSCTF.dll
0x00007ffd514b0000 - 0x00007ffd5172b000 	C:\Windows\WinSxS\amd64_microsoft.windows.common-controls_6595b64144ccf1df_6.0.9600.17415_none_6240486fecbd8abb\COMCTL32.dll
0x0000000062800000 - 0x00000000628d2000 	C:\Program Files\Java\jdk1.8.0_40\jre\bin\msvcr100.dll
0x0000000062b40000 - 0x00000000633c3000 	C:\Program Files\Java\jdk1.8.0_40\jre\bin\server\jvm.dll
0x00007ffd27760000 - 0x00007ffd27769000 	C:\Windows\SYSTEM32\WSOCK32.dll
0x00007ffd402c0000 - 0x00007ffd402e2000 	C:\Windows\SYSTEM32\WINMM.dll
0x00007ffd45b60000 - 0x00007ffd45b6a000 	C:\Windows\SYSTEM32\VERSION.dll
0x00007ffd56420000 - 0x00007ffd56427000 	C:\Windows\system32\PSAPI.DLL
0x00007ffd546b0000 - 0x00007ffd5470a000 	C:\Windows\system32\WS2_32.dll
0x00007ffd401e0000 - 0x00007ffd4020a000 	C:\Windows\SYSTEM32\WINMMBASE.dll
0x00007ffd54cd0000 - 0x00007ffd54cd9000 	C:\Windows\system32\NSI.dll
0x00007ffd53ad0000 - 0x00007ffd53b1f000 	C:\Windows\SYSTEM32\cfgmgr32.dll
0x00007ffd52800000 - 0x00007ffd52828000 	C:\Windows\SYSTEM32\DEVOBJ.dll
0x0000000063500000 - 0x000000006350f000 	C:\Program Files\Java\jdk1.8.0_40\jre\bin\verify.dll
0x00000000634d0000 - 0x00000000634f9000 	C:\Program Files\Java\jdk1.8.0_40\jre\bin\java.dll
0x00000000634b0000 - 0x00000000634c6000 	C:\Program Files\Java\jdk1.8.0_40\jre\bin\zip.dll

VM Arguments:
jvm_args: -Xmx1024M -Dfile.encoding=windows-1252 -Duser.country=US -Duser.language=en -Duser.variant 
java_command: com.android.dx.command.Main --dex --output C:\Users\Howard\AndroidStudioProjects\quizdroid\app\build\intermediates\pre-dexed\debug\internal_impl-22.0.0-26ba7b10f4af96520502f8e161fcf1007fca6bc8.jar C:\Users\Howard\AndroidStudioProjects\quizdroid\app\build\intermediates\exploded-aar\com.android.support\support-v4\22.0.0\libs\internal_impl-22.0.0.jar
java_class_path (initial): C:\Users\Howard\AppData\Local\Android\sdk\build-tools\21.1.2\lib\dx.jar
Launcher Type: SUN_STANDARD

Environment Variables:
JAVA_HOME=C:\Program Files\Java\jdk1.8.0_40
PATH=C:\Program Files (x86)\Git\git-cheetah\..\bin;C:\Program Files (x86)\Git\git-cheetah\..\bin;C:\Program Files (x86)\Intel\TXE Components\TCS\;C:\Program Files\Intel\TXE Components\TCS\;C:\Windows\system32;C:\Windows;C:\Windows\System32\Wbem;C:\Windows\System32\WindowsPowerShell\v1.0\;C:\Program Files (x86)\Calibre2\;C:\Program Files (x86)\Git\cmd;C:\Program Files (x86)\Windows Kits\8.1\Windows Performance Toolkit\;C:\Program Files\Microsoft SQL Server\110\Tools\Binn\;C:\Program Files (x86)\Microsoft SDKs\TypeScript\1.0\;C:\Program Files\Microsoft SQL Server\120\Tools\Binn\;C:\Program Files\Microsoft\Web Platform Installer\;C:\Program Files\gradle-2.3-all\gradle-2.3\bin;C:\Program Files\Java\jdk1.8.0_40\bin
USERNAME=Howard
OS=Windows_NT
PROCESSOR_IDENTIFIER=Intel64 Family 6 Model 55 Stepping 3, GenuineIntel



---------------  S Y S T E M  ---------------

OS: Windows 8.1 , 64 bit Build 9600 (6.3.9600.17415)

CPU:total 2 (2 cores per cpu, 1 threads per core) family 6 model 55 stepping 3, cmov, cx8, fxsr, mmx, sse, sse2, sse3, ssse3, sse4.1, sse4.2, popcnt, clmul, erms, 3dnowpref, tsc, tscinvbit

Memory: 4k page, physical 4062200k(896596k free), swap 7207928k(5184k free)

vm_info: Java HotSpot(TM) 64-Bit Server VM (25.40-b25) for windows-amd64 JRE (1.8.0_40-b26), built on Mar  7 2015 13:51:59 by "java_re" with MS VC++ 10.0 (VS2010)

time: Mon Apr 27 18:32:57 2015
elapsed time: 11 seconds (0d 0h 0m 11s)

